0 info it worked if it ends with ok
1 verbose cli [ 'node', '/usr/bin/npm', 'link' ]
2 info using npm@2.10.0
3 info using node@v0.12.3
4 verbose node symlink /usr/bin/node
5 verbose linkPkg /srv/git/ah-swaggerui-plugin
6 verbose stack Error: ENOENT, open '/srv/git/ah-swaggerui-plugin/package.json'
6 verbose stack     at Error (native)
7 verbose cwd /srv/git/ah-swaggerui-plugin
8 error Linux 3.2.0-4-amd64
9 error argv "node" "/usr/bin/npm" "link"
10 error node v0.12.3
11 error npm  v2.10.0
12 error path /srv/git/ah-swaggerui-plugin/package.json
13 error code ENOENT
14 error errno -2
15 error enoent ENOENT, open '/srv/git/ah-swaggerui-plugin/package.json'
15 error enoent This is most likely not a problem with npm itself
15 error enoent and is related to npm not being able to find a file.
16 verbose exit [ -2, true ]
